This is pdfTeX, Version 3.141592653-2.6-1.40.25 (MiKTeX 23.10) (preloaded format=pdflatex 2024.1.9)  18 MAR 2024 07:34
entering extended mode
 restricted \write18 enabled.
 file:line:error style messages enabled.
 %&-line parsing enabled.
**"c:/Users/popec/OneDrive/Documents/School/Grade 12/GENBIO02/Genetics/main.tex"
(c:/Users/popec/OneDrive/Documents/School/Grade 12/GENBIO02/Genetics/main.tex
LaTeX2e <2023-06-01> patch level 1
L3 programming layer <2023-08-29>
(C:\Users\popec\AppData\Local\Programs\MiKTeX\tex/latex/base\article.cls
Document Class: article 2023/05/17 v1.4n Standard LaTeX document class
(C:\Users\popec\AppData\Local\Programs\MiKTeX\tex/latex/base\size10.clo
File: size10.clo 2023/05/17 v1.4n Standard LaTeX file (size option)
)
\c@part=\count185
\c@section=\count186
\c@subsection=\count187
\c@subsubsection=\count188
\c@paragraph=\count189
\c@subparagraph=\count190
\c@figure=\count191
\c@table=\count192
\abovecaptionskip=\skip48
\belowcaptionskip=\skip49
\bibindent=\dimen140
) (C:\Users\popec\AppData\Local\Programs\MiKTeX\tex/latex/base\fontenc.sty
Package: fontenc 2021/04/29 v2.0v Standard LaTeX package
) (C:\Users\popec\AppData\Local\Programs\MiKTeX\tex/latex/amsmath\amsmath.sty
Package: amsmath 2023/05/13 v2.17o AMS math features
\@mathmargin=\skip50

For additional information on amsmath, use the `?' option.
(C:\Users\popec\AppData\Local\Programs\MiKTeX\tex/latex/amsmath\amstext.sty
Package: amstext 2021/08/26 v2.01 AMS text
 (C:\Users\popec\AppData\Local\Programs\MiKTeX\tex/latex/amsmath\amsgen.sty
File: amsgen.sty 1999/11/30 v2.0 generic functions
\@emptytoks=\toks17
\ex@=\dimen141
)) (C:\Users\popec\AppData\Local\Programs\MiKTeX\tex/latex/amsmath\amsbsy.sty
Package: amsbsy 1999/11/29 v1.2d Bold Symbols
\pmbraise@=\dimen142
) (C:\Users\popec\AppData\Local\Programs\MiKTeX\tex/latex/amsmath\amsopn.sty
Package: amsopn 2022/04/08 v2.04 operator names
)
\inf@bad=\count193
LaTeX Info: Redefining \frac on input line 234.
\uproot@=\count194
\leftroot@=\count195
LaTeX Info: Redefining \overline on input line 399.
LaTeX Info: Redefining \colon on input line 410.
\classnum@=\count196
\DOTSCASE@=\count197
LaTeX Info: Redefining \ldots on input line 496.
LaTeX Info: Redefining \dots on input line 499.
LaTeX Info: Redefining \cdots on input line 620.
\Mathstrutbox@=\box51
\strutbox@=\box52
LaTeX Info: Redefining \big on input line 722.
LaTeX Info: Redefining \Big on input line 723.
LaTeX Info: Redefining \bigg on input line 724.
LaTeX Info: Redefining \Bigg on input line 725.
\big@size=\dimen143
LaTeX Font Info:    Redeclaring font encoding OML on input line 743.
LaTeX Font Info:    Redeclaring font encoding OMS on input line 744.
\macc@depth=\count198
LaTeX Info: Redefining \bmod on input line 905.
LaTeX Info: Redefining \pmod on input line 910.
LaTeX Info: Redefining \smash on input line 940.
LaTeX Info: Redefining \relbar on input line 970.
LaTeX Info: Redefining \Relbar on input line 971.
\c@MaxMatrixCols=\count199
\dotsspace@=\muskip16
\c@parentequation=\count266
\dspbrk@lvl=\count267
\tag@help=\toks18
\row@=\count268
\column@=\count269
\maxfields@=\count270
\andhelp@=\toks19
\eqnshift@=\dimen144
\alignsep@=\dimen145
\tagshift@=\dimen146
\tagwidth@=\dimen147
\totwidth@=\dimen148
\lineht@=\dimen149
\@envbody=\toks20
\multlinegap=\skip51
\multlinetaggap=\skip52
\mathdisplay@stack=\toks21
LaTeX Info: Redefining \[ on input line 2953.
LaTeX Info: Redefining \] on input line 2954.
) (C:\Users\popec\AppData\Local\Programs\MiKTeX\tex/latex/geometry\geometry.sty
Package: geometry 2020/01/02 v5.9 Page Geometry
 (C:\Users\popec\AppData\Local\Programs\MiKTeX\tex/latex/graphics\keyval.sty
Package: keyval 2022/05/29 v1.15 key=value parser (DPC)
\KV@toks@=\toks22
) (C:\Users\popec\AppData\Local\Programs\MiKTeX\tex/generic/iftex\ifvtex.sty
Package: ifvtex 2019/10/25 v1.7 ifvtex legacy package. Use iftex instead.
 (C:\Users\popec\AppData\Local\Programs\MiKTeX\tex/generic/iftex\iftex.sty
Package: iftex 2022/02/03 v1.0f TeX engine tests
))
\Gm@cnth=\count271
\Gm@cntv=\count272
\c@Gm@tempcnt=\count273
\Gm@bindingoffset=\dimen150
\Gm@wd@mp=\dimen151
\Gm@odd@mp=\dimen152
\Gm@even@mp=\dimen153
\Gm@layoutwidth=\dimen154
\Gm@layoutheight=\dimen155
\Gm@layouthoffset=\dimen156
\Gm@layoutvoffset=\dimen157
\Gm@dimlist=\toks23
 (C:\Users\popec\AppData\Local\Programs\MiKTeX\tex/latex/geometry\geometry.cfg)) (C:\Users\popec\AppData\Local\Programs\MiKTeX\tex/latex/graphics\graphicx.sty
Package: graphicx 2021/09/16 v1.2d Enhanced LaTeX Graphics (DPC,SPQR)
 (C:\Users\popec\AppData\Local\Programs\MiKTeX\tex/latex/graphics\graphics.sty
Package: graphics 2022/03/10 v1.4e Standard LaTeX Graphics (DPC,SPQR)
 (C:\Users\popec\AppData\Local\Programs\MiKTeX\tex/latex/graphics\trig.sty
Package: trig 2021/08/11 v1.11 sin cos tan (DPC)
) (C:\Users\popec\AppData\Local\Programs\MiKTeX\tex/latex/graphics-cfg\graphics.cfg
File: graphics.cfg 2016/06/04 v1.11 sample graphics configuration
)
Package graphics Info: Driver file: pdftex.def on input line 107.
 (C:\Users\popec\AppData\Local\Programs\MiKTeX\tex/latex/graphics-def\pdftex.def
File: pdftex.def 2022/09/22 v1.2b Graphics/color driver for pdftex
))
\Gin@req@height=\dimen158
\Gin@req@width=\dimen159
) (C:\Users\popec\AppData\Local\Programs\MiKTeX\tex/latex/l3backend\l3backend-pdftex.def
File: l3backend-pdftex.def 2023-04-19 L3 backend support: PDF output (pdfTeX)
\l__color_backend_stack_int=\count274
\l__pdf_internal_box=\box53
) (main.aux)
\openout1 = `main.aux'.

LaTeX Font Info:    Checking defaults for OML/cmm/m/it on input line 9.
LaTeX Font Info:    ... okay on input line 9.
LaTeX Font Info:    Checking defaults for OMS/cmsy/m/n on input line 9.
LaTeX Font Info:    ... okay on input line 9.
LaTeX Font Info:    Checking defaults for OT1/cmr/m/n on input line 9.
LaTeX Font Info:    ... okay on input line 9.
LaTeX Font Info:    Checking defaults for T1/cmr/m/n on input line 9.
LaTeX Font Info:    ... okay on input line 9.
LaTeX Font Info:    Checking defaults for TS1/cmr/m/n on input line 9.
LaTeX Font Info:    ... okay on input line 9.
LaTeX Font Info:    Checking defaults for OMX/cmex/m/n on input line 9.
LaTeX Font Info:    ... okay on input line 9.
LaTeX Font Info:    Checking defaults for U/cmr/m/n on input line 9.
LaTeX Font Info:    ... okay on input line 9.

*geometry* driver: auto-detecting
*geometry* detected driver: pdftex
*geometry* verbose mode - [ preamble ] result:
* driver: pdftex
* paper: a4paper
* layout: <same size as paper>
* layoutoffset:(h,v)=(0.0pt,0.0pt)
* modes: 
* h-part:(L,W,R)=(45.80893pt, 505.89pt, 45.80894pt)
* v-part:(T,H,B)=(77.84674pt, 650.43pt, 116.77011pt)
* \paperwidth=597.50787pt
* \paperheight=845.04684pt
* \textwidth=505.89pt
* \textheight=650.43pt
* \oddsidemargin=-26.46106pt
* \evensidemargin=-26.46106pt
* \topmargin=-31.42325pt
* \headheight=12.0pt
* \headsep=25.0pt
* \topskip=10.0pt
* \footskip=30.0pt
* \marginparwidth=65.0pt
* \marginparsep=11.0pt
* \columnsep=10.0pt
* \skip\footins=9.0pt plus 4.0pt minus 2.0pt
* \hoffset=0.0pt
* \voffset=0.0pt
* \mag=1000
* \@twocolumntrue
* \@twosidefalse
* \@mparswitchfalse
* \@reversemarginfalse
* (1in=72.27pt=25.4mm, 1cm=28.453pt)

(C:\Users\popec\AppData\Local\Programs\MiKTeX\tex/context/base/mkii\supp-pdf.mkii
[Loading MPS to PDF converter (version 2006.09.02).]
\scratchcounter=\count275
\scratchdimen=\dimen160
\scratchbox=\box54
\nofMPsegments=\count276
\nofMParguments=\count277
\everyMPshowfont=\toks24
\MPscratchCnt=\count278
\MPscratchDim=\dimen161
\MPnumerator=\count279
\makeMPintoPDFobject=\count280
\everyMPtoPDFconversion=\toks25
) (C:\Users\popec\AppData\Local\Programs\MiKTeX\tex/latex/epstopdf-pkg\epstopdf-base.sty
Package: epstopdf-base 2020-01-24 v2.11 Base part for package epstopdf
Package epstopdf-base Info: Redefining graphics rule for `.eps' on input line 485.
 (C:\Users\popec\AppData\Local\Programs\MiKTeX\tex/latex/00miktex\epstopdf-sys.cfg
File: epstopdf-sys.cfg 2021/03/18 v2.0 Configuration of epstopdf for MiKTeX
))
Overfull \hbox (0.98721pt too wide) in paragraph at lines 12--12
\T1/cmr/bx/n/12 al-le-les, lo-cus, kary-otype, ho-mozy-gous dom-
 []

<./img/dnahelixstructure.png, id=1, 124.21407pt x 152.82094pt>
File: ./img/dnahelixstructure.png Graphic file (type png)
<use ./img/dnahelixstructure.png>
Package pdftex.def Info: ./img/dnahelixstructure.png  used on input line 31.
(pdftex.def)             Requested size: 186.32062pt x 229.2308pt.

Overfull \hbox (2.46297pt too wide) in paragraph at lines 57--58
[]\T1/cmr/m/n/10 Alleles can be e.g. (White and Pur-ple color of flower) 
 []

<./img/karyotype.png, id=3, 130.23656pt x 105.39375pt>
File: ./img/karyotype.png Graphic file (type png)
<use ./img/karyotype.png>
Package pdftex.def Info: ./img/karyotype.png  used on input line 77.
(pdftex.def)             Requested size: 234.42561pt x 189.70857pt.
[1


{C:/Users/popec/AppData/Local/MiKTeX/fonts/map/pdftex/pdftex.map} <./img/dnahelixstructure.png>]
Overfull \hbox (18.88553pt too wide) in paragraph at lines 98--98
[]\T1/cmr/bx/n/12 B. Back-ground in-for-ma-tion on Gre-gor Mendel
 []


Overfull \hbox (5.40001pt too wide) in paragraph at lines 110--110
[]\T1/cmr/bx/n/12 C. Con-struc-tion of Pun-nett square of mono-
 []

[2 <./img/karyotype.png>]
<./img/generation.png, id=20, 289.08pt x 322.95656pt>
File: ./img/generation.png Graphic file (type png)
<use ./img/generation.png>
Package pdftex.def Info: ./img/generation.png  used on input line 156.
(pdftex.def)             Requested size: 202.35461pt x 226.06804pt.
<./img/square.png, id=22, 226.59656pt x 179.92218pt>
File: ./img/square.png Graphic file (type png)
<use ./img/square.png>
Package pdftex.def Info: ./img/square.png  used on input line 209.
(pdftex.def)             Requested size: 203.935pt x 161.92845pt.
<./img/square2.png, id=24, 400.49625pt x 402.75468pt>
File: ./img/square2.png Graphic file (type png)
<use ./img/square2.png>
Package pdftex.def Info: ./img/square2.png  used on input line 211.
(pdftex.def)             Requested size: 240.29959pt x 241.65466pt.

Underfull \hbox (badness 10000) in paragraph at lines 209--212
[][] 
 []

[3 <./img/generation.png> <./img/square.png>]
Underfull \hbox (badness 10000) in paragraph at lines 213--214
[]\T1/cmr/m/n/10 Therefore: 
 []


Underfull \hbox (badness 10000) in paragraph at lines 213--214

 []


Overfull \hbox (3.13872pt too wide) in paragraph at lines 240--241
[]\T1/cmr/m/n/10 During ga-mete for-ma-tion, each al-le-les seg-re-gate from
 []


Overfull \hbox (4.86365pt too wide) in paragraph at lines 245--246
\T1/cmr/m/n/10 de-pen-dent as-sort-ment al-ready had some lim-i-ta-tions; hence,
 []

[4 <./img/square2.png>]
<./img/codominance.png, id=38, 310.15875pt x 400.49625pt>
File: ./img/codominance.png Graphic file (type png)
<use ./img/codominance.png>
Package pdftex.def Info: ./img/codominance.png  used on input line 261.
(pdftex.def)             Requested size: 217.10963pt x 280.34546pt.
<./img/codeminance2.png, id=40, 313.9228pt x 310.15875pt>
File: ./img/codeminance2.png Graphic file (type png)
<use ./img/codeminance2.png>
Package pdftex.def Info: ./img/codeminance2.png  used on input line 269.
(pdftex.def)             Requested size: 219.74446pt x 217.10963pt.
 [5 <./img/codominance.png> <./img/codeminance2.png>]
<./img/epistasis.png, id=49, 289.08pt x 343.2825pt>
File: ./img/epistasis.png Graphic file (type png)
<use ./img/epistasis.png>
Package pdftex.def Info: ./img/epistasis.png  used on input line 316.
(pdftex.def)             Requested size: 202.35461pt x 240.2961pt.

Overfull \hbox (31.52068pt too wide) in paragraph at lines 333--334
[]\T1/cmr/m/n/10 Much shorter and smaller com-pared to the X-Chromosomes 
 []

[6 <./img/epistasis.png>]
Overfull \hbox (1.69353pt too wide) in paragraph at lines 338--339
[]\T1/cmr/m/n/10 Has evolved faster than the X chro-mo-some and other
 []


Overfull \hbox (22.18962pt too wide) in paragraph at lines 358--359
[]\T1/cmr/m/n/10 All sin-gle gene con-trolled traits are now called Mendelian. 
 []

<./img/pedigree.png, id=56, 304.88907pt x 308.65312pt>
File: ./img/pedigree.png Graphic file (type png)
<use ./img/pedigree.png>
Package pdftex.def Info: ./img/pedigree.png  used on input line 360.
(pdftex.def)             Requested size: 213.42088pt x 216.0557pt.

Overfull \hbox (0.83372pt too wide) in paragraph at lines 364--365
[]\T1/cmr/m/n/10 When the trait is man-i-fested in a het-erozy-gous geno-
 []

[7 <./img/pedigree.png>] [8

] (main.aux)
 ***********
LaTeX2e <2023-06-01> patch level 1
L3 programming layer <2023-08-29>
 ***********
 ) 
Here is how much of TeX's memory you used:
 2850 strings out of 475248
 43507 string characters out of 5757814
 1932785 words of memory out of 5000000
 24380 multiletter control sequences out of 15000+600000
 563480 words of font info for 45 fonts, out of 8000000 for 9000
 1141 hyphenation exceptions out of 8191
 57i,6n,65p,494b,185s stack positions out of 10000i,1000n,20000p,200000b,200000s
 <C:\Users\popec\AppData\Local\MiKTeX\fonts/pk/ljfour/jknappen/ec/dpi600\tcrm1000.pk> <C:\Users\popec\AppData\Local\MiKTeX\fonts/pk/ljfour/jknappen/ec/dpi600\ecrm1000.pk> <C:\Users\popec\AppData\Local\MiKTeX\fonts/pk/ljfour/jknappen/ec/dpi600\ecbx1000.pk> <C:\Users\popec\AppData\Local\MiKTeX\fonts/pk/ljfour/jknappen/ec/dpi600\ecbx1200.pk> <C:\Users\popec\AppData\Local\MiKTeX\fonts/pk/ljfour/jknappen/ec/dpi600\ecbx1440.pk>
Output written on main.pdf (8 pages, 1299058 bytes).
PDF statistics:
 267 PDF objects out of 1000 (max. 8388607)
 0 named destinations out of 1000 (max. 500000)
 94 words of extra memory for PDF output out of 10000 (max. 10000000)

